<?xml version="1.0" encoding="UTF-8"?>
<testng-results ignored="0" total="2" passed="1" failed="1" skipped="0">
  <reporter-output>
  </reporter-output>
  <suite started-at="2022-04-01T00:31:56Z" name="Regression Testing" finished-at="2022-04-01T00:32:20Z" duration-ms="24456">
    <groups>
      <group name="cucumber">
        <method signature="AbstractTestNGCucumberTests.runScenario(io.cucumber.testng.PickleWrapper, io.cucumber.testng.FeatureWrapper)[pri:0, instance:RunnerFile.TestNgRunnerFile@776b83cc]" name="runScenario" class="io.cucumber.testng.AbstractTestNGCucumberTests"/>
      </group> <!-- cucumber -->
    </groups>
    <test started-at="2022-04-01T00:31:56Z" name="Firstname testing" finished-at="2022-04-01T00:32:20Z" duration-ms="24456">
      <class name="RunnerFile.TestNgRunnerFile">
        <test-method is-config="true" signature="setUpClass()[pri:0, instance:RunnerFile.TestNgRunnerFile@776b83cc]" started-at="2022-04-01T00:31:56Z" name="setUpClass" finished-at="2022-04-01T00:31:57Z" duration-ms="1234" status="PASS">
          <reporter-output>
          </reporter-output>
        </test-method> <!-- setUpClass -->
        <test-method signature="runScenario(io.cucumber.testng.PickleWrapper, io.cucumber.testng.FeatureWrapper)[pri:0, instance:RunnerFile.TestNgRunnerFile@776b83cc]" started-at="2022-04-01T00:31:57Z" name="runScenario" description="Runs Cucumber Scenarios" data-provider="scenarios" finished-at="2022-04-01T00:32:12Z" duration-ms="14941" status="FAIL">
          <params>
            <param index="0">
              <value>
                <![CDATA["verifying login page of walmart"]]>
              </value>
            </param>
            <param index="1">
              <value>
                <![CDATA["Optional[Verifying homepage]"]]>
              </value>
            </param>
          </params>
          <exception class="java.lang.AssertionError">
            <message>
              <![CDATA[title was not correct found it different actual title is: Online Shopping Canada: Everyday Low Prices at Walmart.ca!]]>
            </message>
            <full-stacktrace>
              <![CDATA[java.lang.AssertionError: title was not correct found it different actual title is: Online Shopping Canada: Everyday Low Prices at Walmart.ca!
at org.junit.Assert.fail(Assert.java:88)
at stepdefination.homepagesteps.checking_title_of_page(homepagesteps.java:38)
at âœ½.checking title of page(file:///C:/Users/praja/eclipse-workspace/Cucke/src/test/java/Features/homepage.feature:6)
]]>
            </full-stacktrace>
          </exception> <!-- java.lang.AssertionError -->
          <reporter-output>
          </reporter-output>
        </test-method> <!-- runScenario -->
        <test-method signature="runScenario(io.cucumber.testng.PickleWrapper, io.cucumber.testng.FeatureWrapper)[pri:0, instance:RunnerFile.TestNgRunnerFile@776b83cc]" started-at="2022-04-01T00:31:57Z" name="runScenario" description="Runs Cucumber Scenarios" data-provider="scenarios" finished-at="2022-04-01T00:32:15Z" duration-ms="17826" status="PASS">
          <params>
            <param index="0">
              <value>
                <![CDATA["login in to application by entering url"]]>
              </value>
            </param>
            <param index="1">
              <value>
                <![CDATA["Optional[checking login feature of application]"]]>
              </value>
            </param>
          </params>
          <reporter-output>
          </reporter-output>
        </test-method> <!-- runScenario -->
        <test-method is-config="true" signature="tearDownClass()[pri:0, instance:RunnerFile.TestNgRunnerFile@776b83cc]" started-at="2022-04-01T00:32:15Z" name="tearDownClass" finished-at="2022-04-01T00:32:20Z" duration-ms="5374" status="PASS">
          <reporter-output>
          </reporter-output>
        </test-method> <!-- tearDownClass -->
      </class> <!-- RunnerFile.TestNgRunnerFile -->
    </test> <!-- Firstname testing -->
  </suite> <!-- Regression Testing -->
</testng-results>
